<?xml version="1.0" encoding="UTF-8"?>
<robot generator="Robot 6.0.2 (Python 3.10.6 on linux)" generated="20230612 17:24:18.309" rpa="false" schemaversion="3">
<suite id="s1" name="Testcases" source="/home/bentley/QA_RF/Project1/testcases.robot">
<test id="s1-t1" name="API tokens created can be copied by clicking the copy icon." line="143">
<kw name="User Log in" library="resources">
<kw name="Open Browser" library="SeleniumLibrary">
<arg>${home_url}</arg>
<arg>Chrome</arg>
<doc>Opens a new browser instance to the optional ``url``.</doc>
<msg timestamp="20230612 17:24:18.454" level="INFO">Opening browser 'Chrome' to base url 'https://app.deriv.com/account/api-token'.</msg>
<status status="PASS" starttime="20230612 17:24:18.454" endtime="20230612 17:24:21.108"/>
</kw>
<kw name="Set Window Size" library="SeleniumLibrary">
<arg>1280</arg>
<arg>1024</arg>
<doc>Sets current windows size to given ``width`` and ``height``.</doc>
<msg timestamp="20230612 17:24:21.114" level="WARN">Keyword 'Capture Page Screenshot' could not be run on failure: Message: no such window: target window already closed
from unknown error: web view not found
  (Session info: chrome=113.0.5672.126)
Stacktrace:
#0 0x560c306fc133 &lt;unknown&gt;
#1 0x560c30430966 &lt;unknown&gt;
#2 0x560c3040acec &lt;unknown&gt;
#3 0x560c30491c0f &lt;unknown&gt;
#4 0x560c304a4c2b &lt;unknown&gt;
#5 0x560c3048c9a3 &lt;unknown&gt;
#6 0x560c3046146a &lt;unknown&gt;
#7 0x560c3046255e &lt;unknown&gt;
#8 0x560c306bbcae &lt;unknown&gt;
#9 0x560c306bf8fe &lt;unknown&gt;
#10 0x560c306c8f20 &lt;unknown&gt;
#11 0x560c306c0923 &lt;unknown&gt;
#12 0x560c30693c0e &lt;unknown&gt;
#13 0x560c306e3b08 &lt;unknown&gt;
#14 0x560c306e3c97 &lt;unknown&gt;
#15 0x560c306f4113 &lt;unknown&gt;
#16 0x7fb47b894b43 &lt;unknown&gt;
</msg>
<msg timestamp="20230612 17:24:21.114" level="FAIL">NoSuchWindowException: Message: no such window: target window already closed
from unknown error: web view not found
  (Session info: chrome=113.0.5672.126)
Stacktrace:
#0 0x560c306fc133 &lt;unknown&gt;
#1 0x560c30430966 &lt;unknown&gt;
#2 0x560c3040acec &lt;unknown&gt;
#3 0x560c30491c0f &lt;unknown&gt;
#4 0x560c304a4c2b &lt;unknown&gt;
#5 0x560c3048c9a3 &lt;unknown&gt;
#6 0x560c3046146a &lt;unknown&gt;
#7 0x560c3046255e &lt;unknown&gt;
#8 0x560c306bbcae &lt;unknown&gt;
#9 0x560c306bf8fe &lt;unknown&gt;
#10 0x560c306c8f20 &lt;unknown&gt;
#11 0x560c306c0923 &lt;unknown&gt;
#12 0x560c30693c0e &lt;unknown&gt;
#13 0x560c306e3b08 &lt;unknown&gt;
#14 0x560c306e3c97 &lt;unknown&gt;
#15 0x560c306f4113 &lt;unknown&gt;
#16 0x7fb47b894b43 &lt;unknown&gt;
</msg>
<status status="FAIL" starttime="20230612 17:24:21.108" endtime="20230612 17:24:21.116"/>
</kw>
<kw name="Wait Until Element Is Visible" library="SeleniumLibrary">
<arg>${email}</arg>
<doc>Waits until the element ``locator`` is visible.</doc>
<status status="NOT RUN" starttime="20230612 17:24:21.116" endtime="20230612 17:24:21.116"/>
</kw>
<kw name="Input Text" library="SeleniumLibrary">
<arg>${email}</arg>
<arg>bentley@besquare.com.my</arg>
<doc>Types the given ``text`` into the text field identified by ``locator``.</doc>
<status status="NOT RUN" starttime="20230612 17:24:21.117" endtime="20230612 17:24:21.117"/>
</kw>
<kw name="Input Password" library="SeleniumLibrary">
<arg>${password}</arg>
<arg>Bentley123</arg>
<doc>Types the given password into the text field identified by ``locator``.</doc>
<status status="NOT RUN" starttime="20230612 17:24:21.117" endtime="20230612 17:24:21.117"/>
</kw>
<kw name="Click Element" library="SeleniumLibrary">
<arg>${login}</arg>
<doc>Click the element identified by ``locator``.</doc>
<status status="NOT RUN" starttime="20230612 17:24:21.117" endtime="20230612 17:24:21.117"/>
</kw>
<kw name="Wait Until Element Is Visible" library="SeleniumLibrary">
<arg>//*[text()="Settings"]</arg>
<arg>10</arg>
<doc>Waits until the element ``locator`` is visible.</doc>
<status status="NOT RUN" starttime="20230612 17:24:21.118" endtime="20230612 17:24:21.118"/>
</kw>
<kw name="Sleep" library="BuiltIn">
<arg>1</arg>
<doc>Pauses the test executed for the given time.</doc>
<status status="NOT RUN" starttime="20230612 17:24:21.118" endtime="20230612 17:24:21.118"/>
</kw>
<status status="FAIL" starttime="20230612 17:24:18.453" endtime="20230612 17:24:21.118"/>
</kw>
<kw name="Wait Until Element Is Visible" library="SeleniumLibrary">
<arg>${read_box}</arg>
<arg>10</arg>
<doc>Waits until the element ``locator`` is visible.</doc>
<status status="NOT RUN" starttime="20230612 17:24:21.119" endtime="20230612 17:24:21.120"/>
</kw>
<kw name="Click Element" library="SeleniumLibrary">
<arg>${read_box}</arg>
<doc>Click the element identified by ``locator``.</doc>
<status status="NOT RUN" starttime="20230612 17:24:21.121" endtime="20230612 17:24:21.121"/>
</kw>
<kw name="Wait Until Element Is Visible" library="SeleniumLibrary">
<arg>${token_name_input}</arg>
<arg>10</arg>
<doc>Waits until the element ``locator`` is visible.</doc>
<status status="NOT RUN" starttime="20230612 17:24:21.122" endtime="20230612 17:24:21.122"/>
</kw>
<kw name="Input Text" library="SeleniumLibrary">
<arg>${token_name_input}</arg>
<arg>12345123456787654321wefghjhgfdsasdfghjkjhgfdsdfrgh</arg>
<doc>Types the given ``text`` into the text field identified by ``locator``.</doc>
<status status="NOT RUN" starttime="20230612 17:24:21.122" endtime="20230612 17:24:21.123"/>
</kw>
<kw name="Sleep" library="BuiltIn">
<arg>3</arg>
<doc>Pauses the test executed for the given time.</doc>
<status status="NOT RUN" starttime="20230612 17:24:21.123" endtime="20230612 17:24:21.124"/>
</kw>
<kw name="Press Keys" library="SeleniumLibrary">
<arg>${token_name_input}</arg>
<arg>CTRL+a+BACKSPACE</arg>
<doc>Simulates the user pressing key(s) to an element or on the active browser.</doc>
<status status="NOT RUN" starttime="20230612 17:24:21.124" endtime="20230612 17:24:21.124"/>
</kw>
<kw name="Input Text" library="SeleniumLibrary">
<arg>${token_name_input}</arg>
<arg>2</arg>
<doc>Types the given ``text`` into the text field identified by ``locator``.</doc>
<status status="NOT RUN" starttime="20230612 17:24:21.124" endtime="20230612 17:24:21.125"/>
</kw>
<kw name="Sleep" library="BuiltIn">
<arg>3</arg>
<doc>Pauses the test executed for the given time.</doc>
<status status="NOT RUN" starttime="20230612 17:24:21.125" endtime="20230612 17:24:21.125"/>
</kw>
<kw name="Press Keys" library="SeleniumLibrary">
<arg>${token_name_input}</arg>
<arg>CTRL+a+BACKSPACE</arg>
<doc>Simulates the user pressing key(s) to an element or on the active browser.</doc>
<status status="NOT RUN" starttime="20230612 17:24:21.130" endtime="20230612 17:24:21.130"/>
</kw>
<kw name="Input Text" library="SeleniumLibrary">
<arg>${token_name_input}</arg>
<arg>testing_123</arg>
<doc>Types the given ``text`` into the text field identified by ``locator``.</doc>
<status status="NOT RUN" starttime="20230612 17:24:21.131" endtime="20230612 17:24:21.132"/>
</kw>
<kw name="Wait Until Element Is Visible" library="SeleniumLibrary">
<arg>${create_btn}</arg>
<arg>10</arg>
<doc>Waits until the element ``locator`` is visible.</doc>
<status status="NOT RUN" starttime="20230612 17:24:21.133" endtime="20230612 17:24:21.134"/>
</kw>
<kw name="Click Element" library="SeleniumLibrary">
<arg>${create_btn}</arg>
<doc>Click the element identified by ``locator``.</doc>
<status status="NOT RUN" starttime="20230612 17:24:21.135" endtime="20230612 17:24:21.136"/>
</kw>
<kw name="Sleep" library="BuiltIn">
<arg>3</arg>
<doc>Pauses the test executed for the given time.</doc>
<status status="NOT RUN" starttime="20230612 17:24:21.136" endtime="20230612 17:24:21.136"/>
</kw>
<status status="FAIL" starttime="20230612 17:24:18.452" endtime="20230612 17:24:21.136">NoSuchWindowException: Message: no such window: target window already closed
from unknown error: web view not found
  (Session info: chrome=113.0.5672.126)
Stacktrace:
#0 0x560c306fc133 &lt;unknown&gt;
#1 0x560c30430966 &lt;unknown&gt;
#2 0x560c3040acec &lt;unknown&gt;
#3 0x560c30491c0f &lt;unknown&gt;
#4 0x560c304a4c2b &lt;unknown&gt;
#5 0x560c3048c9a3 &lt;unknown&gt;
#6 0x560c3046146a &lt;unknown&gt;
#7 0x560c3046255e &lt;unknown&gt;
#8 0x560c306bbcae &lt;unknown&gt;
#9 0x560c306bf8fe &lt;unknown&gt;
#10 0x560c306c8f20 &lt;unknown&gt;
#11 0x560c306c0923 &lt;unknown&gt;
#12 0x560c30693c0e &lt;unknown&gt;
#13 0x560c306e3b08 &lt;unknown&gt;
#14 0x560c306e3c97 &lt;unknown&gt;
#15 0x560c306f4113 &lt;unknown&gt;
#16 0x7fb47b894b43 &lt;unknown&gt;
</status>
</test>
<doc>Project 1 (Automation on API token page)</doc>
<status status="FAIL" starttime="20230612 17:24:18.312" endtime="20230612 17:24:21.138"/>
</suite>
<statistics>
<total>
<stat pass="0" fail="1" skip="0">All Tests</stat>
</total>
<tag>
</tag>
<suite>
<stat pass="0" fail="1" skip="0" id="s1" name="Testcases">Testcases</stat>
</suite>
</statistics>
<errors>
<msg timestamp="20230612 17:24:21.114" level="WARN">Keyword 'Capture Page Screenshot' could not be run on failure: Message: no such window: target window already closed
from unknown error: web view not found
  (Session info: chrome=113.0.5672.126)
Stacktrace:
#0 0x560c306fc133 &lt;unknown&gt;
#1 0x560c30430966 &lt;unknown&gt;
#2 0x560c3040acec &lt;unknown&gt;
#3 0x560c30491c0f &lt;unknown&gt;
#4 0x560c304a4c2b &lt;unknown&gt;
#5 0x560c3048c9a3 &lt;unknown&gt;
#6 0x560c3046146a &lt;unknown&gt;
#7 0x560c3046255e &lt;unknown&gt;
#8 0x560c306bbcae &lt;unknown&gt;
#9 0x560c306bf8fe &lt;unknown&gt;
#10 0x560c306c8f20 &lt;unknown&gt;
#11 0x560c306c0923 &lt;unknown&gt;
#12 0x560c30693c0e &lt;unknown&gt;
#13 0x560c306e3b08 &lt;unknown&gt;
#14 0x560c306e3c97 &lt;unknown&gt;
#15 0x560c306f4113 &lt;unknown&gt;
#16 0x7fb47b894b43 &lt;unknown&gt;
</msg>
</errors>
</robot>
